Arguments: 
  /Users/mkrn/.nvm/versions/node/v11.15.0/bin/node /usr/local/Cellar/yarn/1.17.3/libexec/bin/yarn.js workspace frontend-react start

PATH: 
  /Library/Frameworks/Python.framework/Versions/3.4/bin:/Users/mkrn/.nvm/versions/node/v11.15.0/bin:/usr/local/bin:/usr/bin:/bin:/usr/sbin:/sbin:/Users/mkrn/Sites/arcanist/arcanist/bin/:/Users/mkrn/android-sdk/:/usr/local/sbin:/Users/mkrn/Library/Android/sdk/tools:/Users/mkrn/Library/Android/sdk/platform-tools:/Users/mkrn/Library/Python/2.7/bin:/Users/mkrn/Library/Python/3.4/bin

Yarn version: 
  1.17.3

Node version: 
  11.15.0

Platform: 
  darwin x64

Trace: 
  SyntaxError: /Users/mkrn/Sites/wtc-full-stack/packages/backend-nodejs/package.json: Unexpected token } in JSON at position 329
      at JSON.parse (<anonymous>)
      at /usr/local/Cellar/yarn/1.17.3/libexec/lib/cli.js:1625:59
      at Generator.next (<anonymous>)
      at step (/usr/local/Cellar/yarn/1.17.3/libexec/lib/cli.js:304:30)
      at /usr/local/Cellar/yarn/1.17.3/libexec/lib/cli.js:315:13

npm manifest: 
  {
    "name": "wtc-full-stack",
    "version": "1.0.0",
    "main": "index.js",
    "license": "MIT",
    "workspaces": [
      "packages/*"
    ],
    "private": true
  }

yarn manifest: 
  No manifest

Lockfile: 
  No lockfile
